[3.011s] Invoking command in '/home/arjun/ros2_ws/src/servo_controller': PYTHONPATH=/home/arjun/ros2_ws/build/servo_controller/prefix_override:/usr/lib/python3/dist-packages/colcon_core/task/python/colcon_distutils_commands:/home/arjun/ros2_ws/install/servo_controller/lib/python3.10/site-packages:${PYTHONPATH} /usr/bin/python3 -W ignore:setup.py install is deprecated -W ignore:easy_install command is deprecated setup.py egg_info --egg-base ../../build/servo_controller build --build-base /home/arjun/ros2_ws/build/servo_controller/build install --record /home/arjun/ros2_ws/build/servo_controller/install.log --single-version-externally-managed install_data
[4.055s] running egg_info
[4.057s] writing ../../build/servo_controller/servo_controller.egg-info/PKG-INFO
[4.058s] writing dependency_links to ../../build/servo_controller/servo_controller.egg-info/dependency_links.txt
[4.059s] writing entry points to ../../build/servo_controller/servo_controller.egg-info/entry_points.txt
[4.060s] writing requirements to ../../build/servo_controller/servo_controller.egg-info/requires.txt
[4.061s] writing top-level names to ../../build/servo_controller/servo_controller.egg-info/top_level.txt
[4.072s] reading manifest file '../../build/servo_controller/servo_controller.egg-info/SOURCES.txt'
[4.077s] writing manifest file '../../build/servo_controller/servo_controller.egg-info/SOURCES.txt'
[4.077s] running build
[4.078s] running build_py
[4.081s] running install
[4.082s] running install_lib
[4.089s] running install_data
[4.089s] running install_egg_info
[4.101s] removing '/home/arjun/ros2_ws/install/servo_controller/lib/python3.10/site-packages/servo_controller-0.0.0-py3.10.egg-info' (and everything under it)
[4.103s] Copying ../../build/servo_controller/servo_controller.egg-info to /home/arjun/ros2_ws/install/servo_controller/lib/python3.10/site-packages/servo_controller-0.0.0-py3.10.egg-info
[4.110s] running install_scripts
[4.199s] Installing servo_node script to /home/arjun/ros2_ws/install/servo_controller/lib/servo_controller
[4.202s] writing list of installed files to '/home/arjun/ros2_ws/build/servo_controller/install.log'
[4.341s] Invoked command in '/home/arjun/ros2_ws/src/servo_controller' returned '0': PYTHONPATH=/home/arjun/ros2_ws/build/servo_controller/prefix_override:/usr/lib/python3/dist-packages/colcon_core/task/python/colcon_distutils_commands:/home/arjun/ros2_ws/install/servo_controller/lib/python3.10/site-packages:${PYTHONPATH} /usr/bin/python3 -W ignore:setup.py install is deprecated -W ignore:easy_install command is deprecated setup.py egg_info --egg-base ../../build/servo_controller build --build-base /home/arjun/ros2_ws/build/servo_controller/build install --record /home/arjun/ros2_ws/build/servo_controller/install.log --single-version-externally-managed install_data
