running egg_info
creating ../../build/servo_controller/servo_controller.egg-info
writing ../../build/servo_controller/servo_controller.egg-info/PKG-INFO
writing dependency_links to ../../build/servo_controller/servo_controller.egg-info/dependency_links.txt
writing entry points to ../../build/servo_controller/servo_controller.egg-info/entry_points.txt
writing requirements to ../../build/servo_controller/servo_controller.egg-info/requires.txt
writing top-level names to ../../build/servo_controller/servo_controller.egg-info/top_level.txt
writing manifest file '../../build/servo_controller/servo_controller.egg-info/SOURCES.txt'
reading manifest file '../../build/servo_controller/servo_controller.egg-info/SOURCES.txt'
writing manifest file '../../build/servo_controller/servo_controller.egg-info/SOURCES.txt'
running build
running build_py
creating /home/arjun/ros2_ws/build/servo_controller/build
creating /home/arjun/ros2_ws/build/servo_controller/build/lib
creating /home/arjun/ros2_ws/build/servo_controller/build/lib/servo_controller
copying servo_controller/servo_node.py -> /home/arjun/ros2_ws/build/servo_controller/build/lib/servo_controller
copying servo_controller/__init__.py -> /home/arjun/ros2_ws/build/servo_controller/build/lib/servo_controller
running install
running install_lib
creating /home/arjun/ros2_ws/install/servo_controller/lib/python3.10/site-packages/servo_controller
copying /home/arjun/ros2_ws/build/servo_controller/build/lib/servo_controller/servo_node.py -> /home/arjun/ros2_ws/install/servo_controller/lib/python3.10/site-packages/servo_controller
copying /home/arjun/ros2_ws/build/servo_controller/build/lib/servo_controller/__init__.py -> /home/arjun/ros2_ws/install/servo_controller/lib/python3.10/site-packages/servo_controller
byte-compiling /home/arjun/ros2_ws/install/servo_controller/lib/python3.10/site-packages/servo_controller/servo_node.py to servo_node.cpython-310.pyc
byte-compiling /home/arjun/ros2_ws/install/servo_controller/lib/python3.10/site-packages/servo_controller/__init__.py to __init__.cpython-310.pyc
running install_data
copying package.xml -> /home/arjun/ros2_ws/install/servo_controller/share/servo_controller
running install_egg_info
Copying ../../build/servo_controller/servo_controller.egg-info to /home/arjun/ros2_ws/install/servo_controller/lib/python3.10/site-packages/servo_controller-0.0.0-py3.10.egg-info
running install_scripts
Installing servo_node script to /home/arjun/ros2_ws/install/servo_controller/lib/servo_controller
writing list of installed files to '/home/arjun/ros2_ws/build/servo_controller/install.log'
