[2.818s] Invoking command in '/home/arjun/ros2_ws/src/servo_controller': PYTHONPATH=/home/arjun/ros2_ws/build/servo_controller/prefix_override:/usr/lib/python3/dist-packages/colcon_core/task/python/colcon_distutils_commands:/home/arjun/ros2_ws/install/servo_controller/lib/python3.10/site-packages:${PYTHONPATH} /usr/bin/python3 -W ignore:setup.py install is deprecated -W ignore:easy_install command is deprecated setup.py egg_info --egg-base ../../build/servo_controller build --build-base /home/arjun/ros2_ws/build/servo_controller/build install --record /home/arjun/ros2_ws/build/servo_controller/install.log --single-version-externally-managed install_data
[3.844s] running egg_info
[3.846s] creating ../../build/servo_controller/servo_controller.egg-info
[3.847s] writing ../../build/servo_controller/servo_controller.egg-info/PKG-INFO
[3.848s] writing dependency_links to ../../build/servo_controller/servo_controller.egg-info/dependency_links.txt
[3.849s] writing entry points to ../../build/servo_controller/servo_controller.egg-info/entry_points.txt
[3.850s] writing requirements to ../../build/servo_controller/servo_controller.egg-info/requires.txt
[3.850s] writing top-level names to ../../build/servo_controller/servo_controller.egg-info/top_level.txt
[3.851s] writing manifest file '../../build/servo_controller/servo_controller.egg-info/SOURCES.txt'
[3.858s] reading manifest file '../../build/servo_controller/servo_controller.egg-info/SOURCES.txt'
[3.862s] writing manifest file '../../build/servo_controller/servo_controller.egg-info/SOURCES.txt'
[3.862s] running build
[3.863s] running build_py
[3.863s] creating /home/arjun/ros2_ws/build/servo_controller/build
[3.864s] creating /home/arjun/ros2_ws/build/servo_controller/build/lib
[3.865s] creating /home/arjun/ros2_ws/build/servo_controller/build/lib/servo_controller
[3.865s] copying servo_controller/servo_node.py -> /home/arjun/ros2_ws/build/servo_controller/build/lib/servo_controller
[3.866s] copying servo_controller/__init__.py -> /home/arjun/ros2_ws/build/servo_controller/build/lib/servo_controller
[3.867s] running install
[3.868s] running install_lib
[3.872s] creating /home/arjun/ros2_ws/install/servo_controller/lib/python3.10/site-packages/servo_controller
[3.873s] copying /home/arjun/ros2_ws/build/servo_controller/build/lib/servo_controller/servo_node.py -> /home/arjun/ros2_ws/install/servo_controller/lib/python3.10/site-packages/servo_controller
[3.873s] copying /home/arjun/ros2_ws/build/servo_controller/build/lib/servo_controller/__init__.py -> /home/arjun/ros2_ws/install/servo_controller/lib/python3.10/site-packages/servo_controller
[3.876s] byte-compiling /home/arjun/ros2_ws/install/servo_controller/lib/python3.10/site-packages/servo_controller/servo_node.py to servo_node.cpython-310.pyc
[3.880s] byte-compiling /home/arjun/ros2_ws/install/servo_controller/lib/python3.10/site-packages/servo_controller/__init__.py to __init__.cpython-310.pyc
[3.884s] running install_data
[3.886s] copying package.xml -> /home/arjun/ros2_ws/install/servo_controller/share/servo_controller
[3.887s] running install_egg_info
[3.895s] Copying ../../build/servo_controller/servo_controller.egg-info to /home/arjun/ros2_ws/install/servo_controller/lib/python3.10/site-packages/servo_controller-0.0.0-py3.10.egg-info
[3.901s] running install_scripts
[3.987s] Installing servo_node script to /home/arjun/ros2_ws/install/servo_controller/lib/servo_controller
[3.988s] writing list of installed files to '/home/arjun/ros2_ws/build/servo_controller/install.log'
[4.121s] Invoked command in '/home/arjun/ros2_ws/src/servo_controller' returned '0': PYTHONPATH=/home/arjun/ros2_ws/build/servo_controller/prefix_override:/usr/lib/python3/dist-packages/colcon_core/task/python/colcon_distutils_commands:/home/arjun/ros2_ws/install/servo_controller/lib/python3.10/site-packages:${PYTHONPATH} /usr/bin/python3 -W ignore:setup.py install is deprecated -W ignore:easy_install command is deprecated setup.py egg_info --egg-base ../../build/servo_controller build --build-base /home/arjun/ros2_ws/build/servo_controller/build install --record /home/arjun/ros2_ws/build/servo_controller/install.log --single-version-externally-managed install_data
