[2.781s] Invoking command in '/home/arjun/ros2_ws/src/servo_controller': PYTHONPATH=/home/arjun/ros2_ws/build/servo_controller/prefix_override:/usr/lib/python3/dist-packages/colcon_core/task/python/colcon_distutils_commands:/home/arjun/ros2_ws/install/servo_controller/lib/python3.10/site-packages:${PYTHONPATH} /usr/bin/python3 -W ignore:setup.py install is deprecated -W ignore:easy_install command is deprecated setup.py egg_info --egg-base ../../build/servo_controller build --build-base /home/arjun/ros2_ws/build/servo_controller/build install --record /home/arjun/ros2_ws/build/servo_controller/install.log --single-version-externally-managed install_data
[3.886s] running egg_info
[3.890s] writing ../../build/servo_controller/servo_controller.egg-info/PKG-INFO
[3.892s] writing dependency_links to ../../build/servo_controller/servo_controller.egg-info/dependency_links.txt
[3.893s] writing entry points to ../../build/servo_controller/servo_controller.egg-info/entry_points.txt
[3.894s] writing requirements to ../../build/servo_controller/servo_controller.egg-info/requires.txt
[3.895s] writing top-level names to ../../build/servo_controller/servo_controller.egg-info/top_level.txt
[3.904s] reading manifest file '../../build/servo_controller/servo_controller.egg-info/SOURCES.txt'
[3.908s] writing manifest file '../../build/servo_controller/servo_controller.egg-info/SOURCES.txt'
[3.909s] running build
[3.909s] running build_py
[3.909s] copying servo_controller/servo_node.py -> /home/arjun/ros2_ws/build/servo_controller/build/lib/servo_controller
[3.911s] running install
[3.912s] running install_lib
[3.916s] copying /home/arjun/ros2_ws/build/servo_controller/build/lib/servo_controller/servo_node.py -> /home/arjun/ros2_ws/install/servo_controller/lib/python3.10/site-packages/servo_controller
[3.919s] byte-compiling /home/arjun/ros2_ws/install/servo_controller/lib/python3.10/site-packages/servo_controller/servo_node.py to servo_node.cpython-310.pyc
[3.924s] running install_data
[3.925s] running install_egg_info
[3.932s] removing '/home/arjun/ros2_ws/install/servo_controller/lib/python3.10/site-packages/servo_controller-0.0.0-py3.10.egg-info' (and everything under it)
[3.933s] Copying ../../build/servo_controller/servo_controller.egg-info to /home/arjun/ros2_ws/install/servo_controller/lib/python3.10/site-packages/servo_controller-0.0.0-py3.10.egg-info
[3.939s] running install_scripts
[4.028s] Installing servo_node script to /home/arjun/ros2_ws/install/servo_controller/lib/servo_controller
[4.030s] writing list of installed files to '/home/arjun/ros2_ws/build/servo_controller/install.log'
[4.172s] Invoked command in '/home/arjun/ros2_ws/src/servo_controller' returned '0': PYTHONPATH=/home/arjun/ros2_ws/build/servo_controller/prefix_override:/usr/lib/python3/dist-packages/colcon_core/task/python/colcon_distutils_commands:/home/arjun/ros2_ws/install/servo_controller/lib/python3.10/site-packages:${PYTHONPATH} /usr/bin/python3 -W ignore:setup.py install is deprecated -W ignore:easy_install command is deprecated setup.py egg_info --egg-base ../../build/servo_controller build --build-base /home/arjun/ros2_ws/build/servo_controller/build install --record /home/arjun/ros2_ws/build/servo_controller/install.log --single-version-externally-managed install_data
